<?xml version="1.0" encoding="UTF-8"?>
<!-- Generated by org.testng.reporters.JUnitReportReporter -->
<testsuite skipped="0" hostname="VIRUS" name="runner.TestNGRunner" tests="2" failures="0" timestamp="26 Jul 2022 07:07:39 GMT" time="0.175" errors="0">
  <testcase name="runScenario" time="0.163" classname="runner.TestNGRunner"/>
  <testcase name="runScenario" time="0.012" classname="runner.TestNGRunner"/>
</testsuite> <!-- runner.TestNGRunner -->
